0	1	mikroCdsPIC.exe -MSF -DBG -pP24FJ64GA004 -DL -SSA -O11111114 -fo16 -N"C:\Users\ASUS\Desktop\RAYBOT\SOURCE\raybot_firmware\[03-07-2025]-OP2-(fix-LMS)\Main.mcpds" -SP"D:\mikroC PRO for dsPIC\Defs\" -SP"D:\mikroC PRO for dsPIC\Uses\" -SP"C:\Users\ASUS\Desktop\RAYBOT\SOURCE\raybot_firmware\[03-07-2025]-OP2-(fix-LMS)\" -SP"D:\mikroC PRO for dsPIC\Packages\Utilities Scheduler\Uses\" -IP"D:\mikroC PRO for dsPIC\Uses\" -IP"C:\Users\ASUS\Desktop\RAYBOT\SOURCE\raybot_firmware\[03-07-2025]-OP2-(fix-LMS)\" -IP"D:\mikroC PRO for dsPIC\Packages\Utilities Scheduler\Uses\" "Main.c" "robot_system.c" "schedule_task.c" "distance_sensor.c" "command_handler.c" "Lifter.c" "MotorDC.c" "json_parser.c" "BMS.c" "uart2.c" "Lms.c" "Box.c" "__Lib_Math.mcl" "__Lib_MathDouble.mcl" "__Lib_System.mcl" "__Lib_Delays.mcl" "__Lib_CType.mcl" "__Lib_CString.mcl" "__Lib_CStdlib.mcl" "__Lib_CMath.mcl" "__Lib_Conversions.mcl" "__Lib_Sprintf.mcl" "__Lib_Sprinti.mcl" "__Lib_Sprintl.mcl" "__Lib_Time.mcl" "__Lib_Button.mcl" "__Lib_SoftUART.mcl" "__Lib_ADC_1_p24FJ_p30.mcl" "__Lib_PWM_1.mcl" "__Lib_UART_12_p24_p33.mcl" "__Lib_PPS_p24FJ64GA004_DPC44.mcl" "scheduler.mcl"	 
diagnostics: 0	121	Loading...	 
diagnostics: 0	122	Compilation Started	stdint.h
error: 156	380	Arguments cannot have explicit memory specificator	bms.h
error: 73	324	Undeclared identifier 'BMS_Init' in expression	Main.c
diagnostics: 0	122	Compilation Started	stdint.h
hint: 37	1163	Variable 'debug_msg' has been declared, but not used	robot_system.c
diagnostics: 75	123	Compiled Successfully	robot_system.c
diagnostics: 0	122	Compilation Started	stdint.h
error: 156	380	Arguments cannot have explicit memory specificator	bms.h
hint: 0	1004	interrupt handler (__attribute__ at 0x001A)	schedule_task.c
error: 94	324	Undeclared identifier 'BMS_Update' in expression	schedule_task.c
hint: 50	1163	Variable '_command_available' has been declared, but not used	schedule_task.c
error: 127	324	Undeclared identifier 'LIFTER_RUN_UP' in expression	schedule_task.c
error: 227	324	Undeclared identifier 'BMS_Update' in expression	schedule_task.c
warning: 227	1508	Implicit conversion of int to ptr	schedule_task.c
diagnostics: 0	122	Compilation Started	stdint.h
hint: 57	1163	Variable 'debug_buffer' has been declared, but not used	distance_sensor.c
diagnostics: 87	123	Compiled Successfully	distance_sensor.c
hint: 36	1164	Variable 'voltage' has been eliminated by optimizer	distance_sensor.c
hint: 46	1164	Variable 'voltage' has been eliminated by optimizer	distance_sensor.c
diagnostics: 0	122	Compilation Started	stddef.h
error: 156	380	Arguments cannot have explicit memory specificator	bms.h
warning: 120	1505	Suspicious pointer conversion	command_handler.c
hint: 113	1163	Variable '_param1' has been declared, but not used	command_handler.c
hint: 113	1163	Variable '_param2' has been declared, but not used	command_handler.c
hint: 113	1163	Variable '_param3' has been declared, but not used	command_handler.c
warning: 224	1505	Suspicious pointer conversion	command_handler.c
hint: 192	1163	Variable 'i' has been declared, but not used	command_handler.c
error: 247	324	Undeclared identifier '_bmsData' in expression	command_handler.c
error: 247	317	Operator '.' is not applicable to these operands ''	command_handler.c
error: 247	324	Undeclared identifier '_bmsData' in expression	command_handler.c
error: 247	317	Operator '.' is not applicable to these operands ''	command_handler.c
error: 247	324	Undeclared identifier '_bmsData' in expression	command_handler.c
error: 247	317	Operator '.' is not applicable to these operands ''	command_handler.c
error: 248	324	Undeclared identifier '_bmsData' in expression	command_handler.c
error: 248	317	Operator '.' is not applicable to these operands ''	command_handler.c
error: 248	317	Operator '' is not applicable to these operands ''	command_handler.c
error: 248	322	Pointer required	command_handler.c
error: 248	324	Undeclared identifier '_bmsData' in expression	command_handler.c
error: 248	317	Operator '.' is not applicable to these operands ''	command_handler.c
error: 248	317	Operator '' is not applicable to these operands ''	command_handler.c
error: 248	322	Pointer required	command_handler.c
error: 248	324	Undeclared identifier '_bmsData' in expression	command_handler.c
error: 248	317	Operator '.' is not applicable to these operands ''	command_handler.c
error: 248	317	Operator '' is not applicable to these operands ''	command_handler.c
error: 248	322	Pointer required	command_handler.c
error: 249	324	Undeclared identifier '_bmsData' in expression	command_handler.c
error: 249	317	Operator '.' is not applicable to these operands ''	command_handler.c
error: 249	324	Undeclared identifier '_bmsData' in expression	command_handler.c
error: 249	317	Operator '.' is not applicable to these operands ''	command_handler.c
error: 250	312	Internal error ''	command_handler.c
diagnostics: 0	122	Compilation Started	lifter.h
hint: 11	1163	Variable 'buffer' has been declared, but not used	Lifter.c
diagnostics: 210	123	Compiled Successfully	Lifter.c
hint: 105	1164	Variable 'pidOutput' has been eliminated by optimizer	Lifter.c
diagnostics: 0	122	Compilation Started	motordc.h
hint: 142	1354	argument may be out of range [?T141]	MotorDC.c
hint: 271	1354	argument may be out of range [?T381]	MotorDC.c
diagnostics: 299	123	Compiled Successfully	MotorDC.c
hint: 19	1164	Variable 'maxDutyM2' has been eliminated by optimizer	MotorDC.c
hint: 173	1164	Variable 'targetPercent' has been eliminated by optimizer	MotorDC.c
hint: 173	1164	Variable 'currentPercent' has been eliminated by optimizer	MotorDC.c
hint: 176	1164	Variable 'pwmDuty' has been eliminated by optimizer	MotorDC.c
hint: 177	1164	Variable 'temp' has been eliminated by optimizer	MotorDC.c
diagnostics: 0	122	Compilation Started	stddef.h
warning: 40	1505	Suspicious pointer conversion	json_parser.c
warning: 45	1505	Suspicious pointer conversion	json_parser.c
warning: 71	1505	Suspicious pointer conversion	json_parser.c
warning: 100	1505	Suspicious pointer conversion	json_parser.c
warning: 105	1505	Suspicious pointer conversion	json_parser.c
warning: 169	1505	Suspicious pointer conversion	json_parser.c
warning: 174	1505	Suspicious pointer conversion	json_parser.c
warning: 175	1505	Suspicious pointer conversion	json_parser.c
diagnostics: 223	123	Compiled Successfully	json_parser.c
hint: 33	1164	Variable 'key_len' has been eliminated by optimizer	json_parser.c
hint: 80	1164	Variable 'key_len' has been eliminated by optimizer	json_parser.c
diagnostics: 0	122	Compilation Started	stdint.h
error: 156	380	Arguments cannot have explicit memory specificator	bms.h
error: 15	402	; expected, but 'serial_write' found	BMS.c
error: 15	371	Specifier needed	BMS.c
error: 15	300	Syntax Error: ')' expected,  but 'size' found	BMS.c
error: 18	402	; expected, but 'serial_read_bytes' found	BMS.c
error: 18	393	'size_t' Identifier redefined	BMS.c
error: 18	371	Specifier needed	BMS.c
error: 18	300	Syntax Error: ')' expected,  but 'length' found	BMS.c
error: 39	380	Arguments cannot have explicit memory specificator	BMS.c
error: 41	324	Undeclared identifier 'malloc' in expression	BMS.c
error: 41	307	Illegal typecast 'can not convert to pointer' ''	BMS.c
error: 41	300	Syntax Error: ';' expected,  but ')' found	BMS.c
error: 41	424	'}' expected ';' found	BMS.c
hint: 41	1163	Variable 'bms' has been declared, but not used	BMS.c
warning: 45	1503	Result is not defined in function: 'DalyBms_create'	BMS.c
error: 45	312	Internal error ''	BMS.c
diagnostics: 0	122	Compilation Started	stdint.h
warning: 60	1505	Suspicious pointer conversion	uart2.c
hint: 0	1004	interrupt handler (_UART2_Rx_Receive_ISR at 0x0050)	uart2.c
diagnostics: 145	123	Compiled Successfully	uart2.c
hint: 69	1164	Variable 'cmd' has been eliminated by optimizer	uart2.c
diagnostics: 0	122	Compilation Started	stdint.h
diagnostics: 22	123	Compiled Successfully	Lms.c
diagnostics: 0	122	Compilation Started	stdint.h
diagnostics: 181	123	Compiled Successfully	Box.c
error: 0	102	Finished (with errors): 09 Jul 2025, 09:37:04	Main.mcpds
